[2023-03-04 00:03:21] [WARNING]: 账号密码未配置, 将使用二维码登录. 
[2023-03-04 00:03:21] [WARNING]: 将在 5秒 后继续. 
[2023-03-04 00:03:26] [WARNING]: 虚拟设备信息不存在, 将自动生成随机设备. 
[2023-03-04 00:03:49] [WARNING]: 账号密码未配置, 将使用二维码登录. 
[2023-03-04 00:03:49] [WARNING]: 将在 5秒 后继续. 
[2023-03-04 00:04:14] [WARNING]: 账号密码未配置, 将使用二维码登录. 
[2023-03-04 00:04:14] [WARNING]: 将在 5秒 后继续. 
[2023-03-04 00:04:33] [FATAL]: 扫码被用户取消. 
[2023-03-04 00:04:57] [WARNING]: 账号密码未配置, 将使用二维码登录. 
[2023-03-04 00:04:57] [WARNING]: 将在 5秒 后继续. 
[2023-03-04 00:05:16] [FATAL]: 扫码被用户取消. 
[2023-03-04 00:06:18] [WARNING]: 账号密码未配置, 将使用二维码登录. 
[2023-03-04 00:06:18] [WARNING]: 将在 5秒 后继续. 
[2023-03-04 00:06:37] [WARNING]: 登录失败: 你的用户身份已失效，为保证帐号安全，请你重新登录。 
[2023-03-04 00:06:50] [WARNING]: 账号密码未配置, 将使用二维码登录. 
[2023-03-04 00:06:50] [WARNING]: 将在 5秒 后继续. 
[2023-03-04 00:07:14] [WARNING]: 登录失败: 你的用户身份已失效，为保证帐号安全，请你重新登录。 
[2023-03-04 00:08:21] [WARNING]: 登录需要滑条验证码, 请选择验证方式:  
[2023-03-04 00:08:21] [WARNING]: 1. 使用浏览器抓取滑条并登录 
[2023-03-04 00:08:21] [WARNING]: 2. 使用手机QQ扫码验证 (需要手Q和gocq在同一网络下). 
[2023-03-04 00:08:21] [WARNING]: 请输入(1 - 2)： 
[2023-03-04 00:08:32] [WARNING]: 请前往该地址验证 -> https://captcha.go-cqhttp.org/captcha?id=gTI7nEbI&style=simple&aid=16&uin=3105751790&sid=5583580563060693876&cap_cd=ILipBC294i4TAusdkEhx4HdPJdYxbiY5sMznzR_xgHFM1TkfLJrwmg**&clientype=1&apptype=2 <- 或输入手动抓取的 ticket：（Enter 提交） 
[2023-03-04 00:08:59] [WARNING]: 登录失败: 密码错误或账号被冻结 
[2023-03-04 00:10:04] [WARNING]: 登录需要滑条验证码, 请选择验证方式:  
[2023-03-04 00:10:04] [WARNING]: 1. 使用浏览器抓取滑条并登录 
[2023-03-04 00:10:04] [WARNING]: 2. 使用手机QQ扫码验证 (需要手Q和gocq在同一网络下). 
[2023-03-04 00:10:04] [WARNING]: 请输入(1 - 2)： 
[2023-03-04 00:10:25] [WARNING]: 登录失败: 你的用户身份已失效，为保证帐号安全，请你重新登录。 
[2023-03-04 00:10:37] [WARNING]: 登录需要滑条验证码, 请选择验证方式:  
[2023-03-04 00:10:37] [WARNING]: 1. 使用浏览器抓取滑条并登录 
[2023-03-04 00:10:37] [WARNING]: 2. 使用手机QQ扫码验证 (需要手Q和gocq在同一网络下). 
[2023-03-04 00:10:37] [WARNING]: 请输入(1 - 2)： 
[2023-03-04 00:10:41] [WARNING]: 请前往该地址验证 -> https://captcha.go-cqhttp.org/captcha?id=5ATZlCz3&style=simple&aid=16&uin=3105751790&sid=2129513291763031036&cap_cd=MTBxultgkaYZmdi7WI34l0Vx-s9fpUQhVRX_-p0C5p9cpLl9n64XJw**&clientype=1&apptype=2 <- 或输入手动抓取的 ticket：（Enter 提交） 
[2023-03-04 00:10:54] [WARNING]: 登录失败: 密码错误或账号被冻结 
[2023-03-04 00:14:19] [WARNING]: 账号密码未配置, 将使用二维码登录. 
[2023-03-04 00:14:19] [WARNING]: 将在 5秒 后继续. 
[2023-03-04 00:14:41] [WARNING]: 登录失败: 你的用户身份已失效，为保证帐号安全，请你重新登录。 
[2023-03-04 00:14:49] [WARNING]: 账号密码未配置, 将使用二维码登录. 
[2023-03-04 00:14:49] [WARNING]: 将在 5秒 后继续. 
[2023-03-04 00:15:17] [WARNING]: 登录失败: 你的用户身份已失效，为保证帐号安全，请你重新登录。 
